[    71.660] (--) Log file renamed from "/home/ae1518/.local/share/xorg/Xorg.pid-926.log" to "/home/ae1518/.local/share/xorg/Xorg.0.log"
[    71.683] 
X.Org X Server 1.20.1
X Protocol Version 11, Revision 0
[    71.683] Build Operating System: Linux 4.4.0-140-generic x86_64 Ubuntu
[    71.683] Current Operating System: Linux ae1518-VirtualBox 4.18.0-15-generic #16~18.04.1-Ubuntu SMP Thu Feb 7 14:06:04 UTC 2019 x86_64
[    71.683] Kernel command line: BOOT_IMAGE=/boot/vmlinuz-4.18.0-15-generic root=UUID=c7e11386-c193-48d9-b7bc-d601ec682768 ro quiet splash
[    71.683] Build Date: 27 November 2018  05:27:12PM
[    71.684] xorg-server-hwe-18.04 2:1.20.1-3ubuntu2.1~18.04.1 (For technical support please see http://www.ubuntu.com/support) 
[    71.684] Current version of pixman: 0.34.0
[    71.684] 	Before reporting problems, check http://wiki.x.org
	to make sure that you have the latest version.
[    71.684] Markers: (--) probed, (**) from config file, (==) default setting,
	(++) from command line, (!!) notice, (II) informational,
	(WW) warning, (EE) error, (NI) not implemented, (??) unknown.
[    71.684] (==) Log file: "/home/ae1518/.local/share/xorg/Xorg.0.log", Time: Wed Mar  6 20:37:46 2019
[    71.742] (==) Using system config directory "/usr/share/X11/xorg.conf.d"
[    71.766] (==) No Layout section.  Using the first Screen section.
[    71.766] (==) No screen section available. Using defaults.
[    71.766] (**) |-->Screen "Default Screen Section" (0)
[    71.766] (**) |   |-->Monitor "<default monitor>"
[    71.792] (==) No monitor specified for screen "Default Screen Section".
	Using a default monitor configuration.
[    71.792] (==) Automatically adding devices
[    71.792] (==) Automatically enabling devices
[    71.792] (==) Automatically adding GPU devices
[    71.792] (==) Automatically binding GPU devices
[    71.792] (==) Max clients allowed: 256, resource mask: 0x1fffff
[    71.811] (WW) The directory "/usr/share/fonts/X11/cyrillic" does not exist.
[    71.811] 	Entry deleted from font path.
[    71.811] (WW) The directory "/usr/share/fonts/X11/100dpi/" does not exist.
[    71.811] 	Entry deleted from font path.
[    71.811] (WW) The directory "/usr/share/fonts/X11/75dpi/" does not exist.
[    71.811] 	Entry deleted from font path.
[    71.812] (WW) The directory "/usr/share/fonts/X11/100dpi" does not exist.
[    71.812] 	Entry deleted from font path.
[    71.812] (WW) The directory "/usr/share/fonts/X11/75dpi" does not exist.
[    71.812] 	Entry deleted from font path.
[    71.812] (==) FontPath set to:
	/usr/share/fonts/X11/misc,
	/usr/share/fonts/X11/Type1,
	built-ins
[    71.812] (==) ModulePath set to "/usr/lib/xorg/modules"
[    71.812] (II) The server relies on udev to provide the list of input devices.
	If no devices become available, reconfigure udev or disable AutoAddDevices.
[    71.812] (II) Loader magic: 0x5555784e9020
[    71.812] (II) Module ABI versions:
[    71.813] 	X.Org ANSI C Emulation: 0.4
[    71.813] 	X.Org Video Driver: 24.0
[    71.813] 	X.Org XInput driver : 24.1
[    71.813] 	X.Org Server Extension : 10.0
[    71.815] (++) using VT number 1

[    71.828] (II) systemd-logind: took control of session /org/freedesktop/login1/session/_31
[    71.831] (II) xfree86: Adding drm device (/dev/dri/card0)
[    71.834] (II) systemd-logind: got fd for /dev/dri/card0 226:0 fd 12 paused 0
[    71.846] (--) PCI:*(0@0:2:0) 15ad:0405:15ad:0405 rev 0, Mem @ 0xf0000000/134217728, 0xf8000000/2097152, I/O @ 0x0000d010/16, BIOS @ 0x????????/131072
[    71.848] (II) LoadModule: "glx"
[    71.851] (II) Loading /usr/lib/xorg/modules/extensions/libglx.so
[    71.921] (II) Module glx: vendor="X.Org Foundation"
[    71.921] 	compiled for 1.20.1, module version = 1.0.0
[    71.923] 	ABI class: X.Org Server Extension, version 10.0
[    71.923] (==) Matched vmware as autoconfigured driver 0
[    71.923] (==) Matched modesetting as autoconfigured driver 1
[    71.924] (==) Matched fbdev as autoconfigured driver 2
[    71.925] (==) Matched vesa as autoconfigured driver 3
[    71.925] (==) Assigned the driver to the xf86ConfigLayout
[    71.925] (II) LoadModule: "vmware"
[    71.926] (II) Loading /usr/lib/xorg/modules/drivers/vmware_drv.so
[    73.308] (II) Module vmware: vendor="X.Org Foundation"
[    73.308] 	compiled for 1.20.1, module version = 13.3.0
[    73.309] 	Module class: X.Org Video Driver
[    73.309] 	ABI class: X.Org Video Driver, version 24.0
[    73.310] (II) LoadModule: "modesetting"
[    73.311] (II) Loading /usr/lib/xorg/modules/drivers/modesetting_drv.so
[    73.327] (II) Module modesetting: vendor="X.Org Foundation"
[    73.327] 	compiled for 1.20.1, module version = 1.20.1
[    73.329] 	Module class: X.Org Video Driver
[    73.329] 	ABI class: X.Org Video Driver, version 24.0
[    73.329] (II) LoadModule: "fbdev"
[    73.330] (II) Loading /usr/lib/xorg/modules/drivers/fbdev_drv.so
[    73.338] (II) Module fbdev: vendor="X.Org Foundation"
[    73.338] 	compiled for 1.20.1, module version = 0.5.0
[    73.339] 	Module class: X.Org Video Driver
[    73.339] 	ABI class: X.Org Video Driver, version 24.0
[    73.340] (II) LoadModule: "vesa"
[    73.341] (II) Loading /usr/lib/xorg/modules/drivers/vesa_drv.so
[    73.343] (II) Module vesa: vendor="X.Org Foundation"
[    73.344] 	compiled for 1.20.1, module version = 2.4.0
[    73.344] 	Module class: X.Org Video Driver
[    73.345] 	ABI class: X.Org Video Driver, version 24.0
[    73.345] (II) vmware: driver for VMware SVGA: vmware0405, vmware0710
[    73.346] (II) modesetting: Driver for Modesetting Kernel Drivers: kms
[    73.346] (II) FBDEV: driver for framebuffer: fbdev
[    73.347] (II) VESA: driver for VESA chipsets: vesa
[    73.348] xf86EnableIOPorts: failed to set IOPL for I/O (Operation not permitted)
[    73.348] (WW) Falling back to old probe method for modesetting
[    73.349] (WW) Falling back to old probe method for fbdev
[    73.349] (II) Loading sub module "fbdevhw"
[    73.349] (II) LoadModule: "fbdevhw"
[    73.350] (II) Loading /usr/lib/xorg/modules/libfbdevhw.so
[    73.376] (II) Module fbdevhw: vendor="X.Org Foundation"
[    73.376] 	compiled for 1.20.1, module version = 0.0.2
[    73.377] 	ABI class: X.Org Video Driver, version 24.0
[    73.378] (EE) open /dev/fb0: Permission denied
[    73.378] (WW) VGA arbiter: cannot open kernel arbiter, no multi-card support
[    73.380] (II) vmware(0): Creating default Display subsection in Screen section
	"Default Screen Section" for depth/fbbpp 24/32
[    73.381] (--) vmware(0): DRM driver version is 2.14.1
[    73.381] (==) vmware(0): Depth 24, (--) framebuffer bpp 32
[    73.381] (==) vmware(0): RGB weight 888
[    73.381] (==) vmware(0): Default visual is TrueColor
[    73.381] (--) vmware(0): Min width 1, Max Width 8192.
[    73.381] (--) vmware(0): Min height 1, Max Height 8192.
[    73.381] (II) vmware(0): Output Virtual1 has no monitor section
[    73.382] (II) vmware(0): Output Virtual2 has no monitor section
[    73.382] (II) vmware(0): Output Virtual3 has no monitor section
[    73.382] (II) vmware(0): Output Virtual4 has no monitor section
[    73.382] (II) vmware(0): Output Virtual5 has no monitor section
[    73.382] (II) vmware(0): Output Virtual6 has no monitor section
[    73.382] (II) vmware(0): Output Virtual7 has no monitor section
[    73.382] (II) vmware(0): Output Virtual8 has no monitor section
[    73.383] (II) vmware(0): Printing probed modes for output Virtual1
[    73.383] (II) vmware(0): Modeline "1920x1000"x60.0  142.83  1920 1970 2020 2070  1000 1050 1100 1150 -hsync +vsync (69.0 kHz eP)
[    73.383] (II) vmware(0): Modeline "2560x1600"x60.0  348.50  2560 2752 3032 3504  1600 1603 1609 1658 -hsync +vsync (99.5 kHz e)
[    73.383] (II) vmware(0): Modeline "1920x1440"x60.0  234.00  1920 2048 2256 2600  1440 1441 1444 1500 -hsync +vsync (90.0 kHz e)
[    73.383] (II) vmware(0): Modeline "1856x1392"x60.0  218.25  1856 1952 2176 2528  1392 1393 1396 1439 -hsync +vsync (86.3 kHz e)
[    73.383] (II) vmware(0): Modeline "1792x1344"x60.0  204.75  1792 1920 2120 2448  1344 1345 1348 1394 -hsync +vsync (83.6 kHz e)
[    73.383] (II) vmware(0): Modeline "1920x1200"x59.9  193.25  1920 2056 2256 2592  1200 1203 1209 1245 -hsync +vsync (74.6 kHz e)
[    73.383] (II) vmware(0): Modeline "1600x1200"x60.0  162.00  1600 1664 1856 2160  1200 1201 1204 1250 +hsync +vsync (75.0 kHz e)
[    73.383] (II) vmware(0): Modeline "1680x1050"x60.0  146.25  1680 1784 1960 2240  1050 1053 1059 1089 -hsync +vsync (65.3 kHz e)
[    73.383] (II) vmware(0): Modeline "1400x1050"x60.0  121.75  1400 1488 1632 1864  1050 1053 1057 1089 -hsync +vsync (65.3 kHz e)
[    73.383] (II) vmware(0): Modeline "1280x1024"x60.0  108.00  1280 1328 1440 1688  1024 1025 1028 1066 +hsync +vsync (64.0 kHz e)
[    73.383] (II) vmware(0): Modeline "1440x900"x59.9  106.50  1440 1520 1672 1904  900 903 909 934 -hsync +vsync (55.9 kHz e)
[    73.383] (II) vmware(0): Modeline "1280x960"x60.0  108.00  1280 1376 1488 1800  960 961 964 1000 +hsync +vsync (60.0 kHz e)
[    73.383] (II) vmware(0): Modeline "1360x768"x60.0   85.50  1360 1424 1536 1792  768 771 777 795 +hsync +vsync (47.7 kHz e)
[    73.383] (II) vmware(0): Modeline "1280x800"x59.8   83.50  1280 1352 1480 1680  800 803 809 831 +hsync -vsync (49.7 kHz e)
[    73.383] (II) vmware(0): Modeline "1152x864"x75.0  108.00  1152 1216 1344 1600  864 865 868 900 +hsync +vsync (67.5 kHz e)
[    73.383] (II) vmware(0): Modeline "1280x768"x59.9   79.50  1280 1344 1472 1664  768 771 778 798 -hsync +vsync (47.8 kHz e)
[    73.383] (II) vmware(0): Modeline "1024x768"x60.0   65.00  1024 1048 1184 1344  768 771 777 806 -hsync -vsync (48.4 kHz e)
[    73.383] (II) vmware(0): Modeline "800x600"x60.3   40.00  800 840 968 1056  600 601 605 628 +hsync +vsync (37.9 kHz e)
[    73.383] (II) vmware(0): Modeline "640x480"x59.9   25.18  640 656 752 800  480 489 492 525 -hsync -vsync (31.5 kHz e)
[    73.383] (II) vmware(0): EDID for output Virtual2
[    73.384] (II) vmware(0): EDID for output Virtual3
[    73.384] (II) vmware(0): EDID for output Virtual4
[    73.384] (II) vmware(0): EDID for output Virtual5
[    73.384] (II) vmware(0): EDID for output Virtual6
[    73.384] (II) vmware(0): EDID for output Virtual7
[    73.384] (II) vmware(0): EDID for output Virtual8
[    73.384] (II) vmware(0): Output Virtual1 connected
[    73.384] (II) vmware(0): Output Virtual2 disconnected
[    73.384] (II) vmware(0): Output Virtual3 disconnected
[    73.384] (II) vmware(0): Output Virtual4 disconnected
[    73.384] (II) vmware(0): Output Virtual5 disconnected
[    73.384] (II) vmware(0): Output Virtual6 disconnected
[    73.384] (II) vmware(0): Output Virtual7 disconnected
[    73.384] (II) vmware(0): Output Virtual8 disconnected
[    73.384] (II) vmware(0): Using exact sizes for initial modes
[    73.385] (II) vmware(0): Output Virtual1 using initial mode 1920x1000 +0+0
[    73.385] (==) vmware(0): DPI set to (96, 96)
[    73.385] (==) vmware(0): Using gamma correction (1.0, 1.0, 1.0)
[    73.385] (II) Loading sub module "fb"
[    73.385] (II) LoadModule: "fb"
[    73.385] (II) Loading /usr/lib/xorg/modules/libfb.so
[    73.410] (II) Module fb: vendor="X.Org Foundation"
[    73.410] 	compiled for 1.20.1, module version = 1.0.0
[    73.410] 	ABI class: X.Org ANSI C Emulation, version 0.4
[    73.410] (II) Loading sub module "dri2"
[    73.410] (II) LoadModule: "dri2"
[    73.411] (II) Module "dri2" already built-in
[    73.411] (II) Loading sub module "dri3"
[    73.411] (II) LoadModule: "dri3"
[    73.411] (II) Module "dri3" already built-in
[    73.411] (II) UnloadModule: "modesetting"
[    73.411] (II) Unloading modesetting
[    73.411] (II) UnloadModule: "fbdev"
[    73.411] (II) Unloading fbdev
[    73.411] (II) UnloadSubModule: "fbdevhw"
[    73.411] (II) Unloading fbdevhw
[    73.411] (II) UnloadModule: "vesa"
[    73.411] (II) Unloading vesa
[    73.429] (II) vmware(0): Initialized VMWARE_CTRL extension version 0.2
[    73.465] (WW) vmware(0): Failed to initialize Gallium3D Xa. No render acceleration available.
[    73.466] (WW) vmware(0): Skipped initialization of direct rendering due to lack of render acceleration.
[    73.466] (--) vmware(0): Render acceleration is disabled.
[    73.466] (==) vmware(0): Rendercheck mode is disabled.
[    73.466] (--) vmware(0): Direct rendering (DRI2 3D) is disabled.
[    73.467] (--) vmware(0): Direct rendering (DRI3 3D) is disabled.
[    73.467] (==) vmware(0): Backing store enabled
[    73.467] (==) vmware(0): Silken mouse enabled
[    73.493] (==) vmware(0): DPMS enabled
[    73.493] (II) vmware(0): No 3D acceleration. Not setting up textured video.
[    73.494] (WW) vmware(0): Disabling Xv because no adaptors could be initialized.
[    73.494] (II) Initializing extension Generic Event Extension
[    73.494] (II) Initializing extension SHAPE
[    73.495] (II) Initializing extension MIT-SHM
[    73.496] (II) Initializing extension XInputExtension
[    73.497] (II) Initializing extension XTEST
[    73.498] (II) Initializing extension BIG-REQUESTS
[    73.498] (II) Initializing extension SYNC
[    73.499] (II) Initializing extension XKEYBOARD
[    73.500] (II) Initializing extension XC-MISC
[    73.500] (II) Initializing extension SECURITY
[    73.501] (II) Initializing extension XFIXES
[    73.502] (II) Initializing extension RENDER
[    73.502] (II) Initializing extension RANDR
[    73.503] (II) Initializing extension COMPOSITE
[    73.504] (II) Initializing extension DAMAGE
[    73.505] (II) Initializing extension MIT-SCREEN-SAVER
[    73.505] (II) Initializing extension DOUBLE-BUFFER
[    73.506] (II) Initializing extension RECORD
[    73.507] (II) Initializing extension DPMS
[    73.507] (II) Initializing extension Present
[    73.508] (II) Initializing extension DRI3
[    73.508] (II) Initializing extension X-Resource
[    73.509] (II) Initializing extension XVideo
[    73.509] (II) Initializing extension XVideo-MotionCompensation
[    73.510] (II) Initializing extension SELinux
[    73.510] (II) SELinux: Disabled on system
[    73.510] (II) Initializing extension GLX
[    73.511] (II) AIGLX: Screen 0 is not DRI2 capable
[    73.982] (II) IGLX: Loaded and initialized swrast
[    73.982] (II) GLX: Initialized DRISWRAST GL provider for screen 0
[    73.983] (II) Initializing extension XFree86-VidModeExtension
[    73.984] (II) Initializing extension XFree86-DGA
[    73.985] (II) Initializing extension XFree86-DRI
[    73.998] (II) Initializing extension DRI2
[    74.018] (II) vmware(0): Setting screen physical size to 508 x 264
[    74.490] (II) config/udev: Adding input device Power Button (/dev/input/event0)
[    74.491] (**) Power Button: Applying InputClass "libinput keyboard catchall"
[    74.491] (II) LoadModule: "libinput"
[    74.492] (II) Loading /usr/lib/xorg/modules/input/libinput_drv.so
[    74.533] (II) Module libinput: vendor="X.Org Foundation"
[    74.533] 	compiled for 1.20.1, module version = 0.28.1
[    74.534] 	Module class: X.Org XInput Driver
[    74.534] 	ABI class: X.Org XInput driver, version 24.1
[    74.534] (II) Using input driver 'libinput' for 'Power Button'
[    74.537] (II) systemd-logind: got fd for /dev/input/event0 13:64 fd 20 paused 0
[    74.537] (**) Power Button: always reports core events
[    74.537] (**) Option "Device" "/dev/input/event0"
[    74.537] (**) Option "_source" "server/udev"
[    74.538] (II) event0  - Power Button: is tagged by udev as: Keyboard
[    74.538] (II) event0  - Power Button: device is a keyboard
[    74.538] (II) event0  - Power Button: device removed
[    74.538] (**) Option "config_info" "udev:/sys/devices/LNXSYSTM:00/LNXPWRBN:00/input/input0/event0"
[    74.538] (II) XINPUT: Adding extended input device "Power Button" (type: KEYBOARD, id 6)
[    74.538] (**) Option "xkb_model" "pc105"
[    74.538] (**) Option "xkb_layout" "us"
[    74.540] (II) event0  - Power Button: is tagged by udev as: Keyboard
[    74.540] (II) event0  - Power Button: device is a keyboard
[    74.541] (II) config/udev: Adding input device Sleep Button (/dev/input/event1)
[    74.542] (**) Sleep Button: Applying InputClass "libinput keyboard catchall"
[    74.542] (II) Using input driver 'libinput' for 'Sleep Button'
[    74.544] (II) systemd-logind: got fd for /dev/input/event1 13:65 fd 23 paused 0
[    74.545] (**) Sleep Button: always reports core events
[    74.545] (**) Option "Device" "/dev/input/event1"
[    74.545] (**) Option "_source" "server/udev"
[    74.547] (II) event1  - Sleep Button: is tagged by udev as: Keyboard
[    74.548] (II) event1  - Sleep Button: device is a keyboard
[    74.548] (II) event1  - Sleep Button: device removed
[    74.548] (**) Option "config_info" "udev:/sys/devices/LNXSYSTM:00/LNXSLPBN:00/input/input1/event1"
[    74.549] (II) XINPUT: Adding extended input device "Sleep Button" (type: KEYBOARD, id 7)
[    74.549] (**) Option "xkb_model" "pc105"
[    74.549] (**) Option "xkb_layout" "us"
[    74.551] (II) event1  - Sleep Button: is tagged by udev as: Keyboard
[    74.551] (II) event1  - Sleep Button: device is a keyboard
[    74.553] (II) config/udev: Adding input device Video Bus (/dev/input/event6)
[    74.553] (**) Video Bus: Applying InputClass "libinput keyboard catchall"
[    74.554] (II) Using input driver 'libinput' for 'Video Bus'
[    74.556] (II) systemd-logind: got fd for /dev/input/event6 13:70 fd 24 paused 0
[    74.556] (**) Video Bus: always reports core events
[    74.556] (**) Option "Device" "/dev/input/event6"
[    74.558] (**) Option "_source" "server/udev"
[    74.560] (II) event6  - Video Bus: is tagged by udev as: Keyboard
[    74.560] (II) event6  - Video Bus: device is a keyboard
[    74.561] (II) event6  - Video Bus: device removed
[    74.561] (**) Option "config_info" "udev:/sys/devices/LNXSYSTM:00/LNXSYBUS:00/PNP0A03:00/LNXVIDEO:00/input/input7/event6"
[    74.562] (II) XINPUT: Adding extended input device "Video Bus" (type: KEYBOARD, id 8)
[    74.562] (**) Option "xkb_model" "pc105"
[    74.562] (**) Option "xkb_layout" "us"
[    74.564] (II) event6  - Video Bus: is tagged by udev as: Keyboard
[    74.565] (II) event6  - Video Bus: device is a keyboard
[    74.567] (II) config/udev: Adding input device VirtualBox mouse integration (/dev/input/event5)
[    74.568] (**) VirtualBox mouse integration: Applying InputClass "libinput pointer catchall"
[    74.568] (II) Using input driver 'libinput' for 'VirtualBox mouse integration'
[    74.571] (II) systemd-logind: got fd for /dev/input/event5 13:69 fd 25 paused 0
[    74.571] (**) VirtualBox mouse integration: always reports core events
[    74.571] (**) Option "Device" "/dev/input/event5"
[    74.572] (**) Option "_source" "server/udev"
[    74.574] (II) event5  - VirtualBox mouse integration: is tagged by udev as: Mouse
[    74.575] (II) event5  - VirtualBox mouse integration: device is a pointer
[    74.575] (II) event5  - VirtualBox mouse integration: device removed
[    74.575] (**) Option "config_info" "udev:/sys/devices/pci0000:00/0000:00:04.0/input/input6/event5"
[    74.576] (II) XINPUT: Adding extended input device "VirtualBox mouse integration" (type: MOUSE, id 9)
[    74.577] (**) Option "AccelerationScheme" "none"
[    74.577] (**) VirtualBox mouse integration: (accel) selected scheme none/0
[    74.577] (**) VirtualBox mouse integration: (accel) acceleration factor: 2.000
[    74.578] (**) VirtualBox mouse integration: (accel) acceleration threshold: 4
[    74.579] (II) event5  - VirtualBox mouse integration: is tagged by udev as: Mouse
[    74.579] (II) event5  - VirtualBox mouse integration: device is a pointer
[    74.580] (II) config/udev: Adding input device VirtualBox mouse integration (/dev/input/js1)
[    74.581] (II) No input driver specified, ignoring this device.
[    74.581] (II) This device may have been added with another device file.
[    74.583] (II) config/udev: Adding input device VirtualBox USB Tablet (/dev/input/event4)
[    74.583] (**) VirtualBox USB Tablet: Applying InputClass "libinput pointer catchall"
[    74.583] (II) Using input driver 'libinput' for 'VirtualBox USB Tablet'
[    74.648] (II) systemd-logind: got fd for /dev/input/event4 13:68 fd 26 paused 0
[    74.648] (**) VirtualBox USB Tablet: always reports core events
[    74.648] (**) Option "Device" "/dev/input/event4"
[    74.648] (**) Option "_source" "server/udev"
[    74.652] (II) event4  - VirtualBox USB Tablet: is tagged by udev as: Mouse
[    74.652] (II) event4  - VirtualBox USB Tablet: device is a pointer
[    74.652] (II) event4  - VirtualBox USB Tablet: device removed
[    74.652] (**) Option "config_info" "udev:/sys/devices/pci0000:00/0000:00:06.0/usb1/1-1/1-1:1.0/0003:80EE:0021.0001/input/input5/event4"
[    74.652] (II) XINPUT: Adding extended input device "VirtualBox USB Tablet" (type: MOUSE, id 10)
[    74.654] (**) Option "AccelerationScheme" "none"
[    74.654] (**) VirtualBox USB Tablet: (accel) selected scheme none/0
[    74.654] (**) VirtualBox USB Tablet: (accel) acceleration factor: 2.000
[    74.654] (**) VirtualBox USB Tablet: (accel) acceleration threshold: 4
[    74.658] (II) event4  - VirtualBox USB Tablet: is tagged by udev as: Mouse
[    74.658] (II) event4  - VirtualBox USB Tablet: device is a pointer
[    74.660] (II) config/udev: Adding input device VirtualBox USB Tablet (/dev/input/js0)
[    74.660] (II) No input driver specified, ignoring this device.
[    74.660] (II) This device may have been added with another device file.
[    74.663] (II) config/udev: Adding input device VirtualBox USB Tablet (/dev/input/mouse1)
[    74.663] (II) No input driver specified, ignoring this device.
[    74.663] (II) This device may have been added with another device file.
[    74.665] (II) config/udev: Adding input device AT Translated Set 2 keyboard (/dev/input/event2)
[    74.666] (**) AT Translated Set 2 keyboard: Applying InputClass "libinput keyboard catchall"
[    74.666] (II) Using input driver 'libinput' for 'AT Translated Set 2 keyboard'
[    74.671] (II) systemd-logind: got fd for /dev/input/event2 13:66 fd 27 paused 0
[    74.671] (**) AT Translated Set 2 keyboard: always reports core events
[    74.671] (**) Option "Device" "/dev/input/event2"
[    74.671] (**) Option "_source" "server/udev"
[    74.674] (II) event2  - AT Translated Set 2 keyboard: is tagged by udev as: Keyboard
[    74.675] (II) event2  - AT Translated Set 2 keyboard: device is a keyboard
[    74.675] (II) event2  - AT Translated Set 2 keyboard: device removed
[    74.675] (**) Option "config_info" "udev:/sys/devices/platform/i8042/serio0/input/input2/event2"
[    74.675] (II) XINPUT: Adding extended input device "AT Translated Set 2 keyboard" (type: KEYBOARD, id 11)
[    74.675] (**) Option "xkb_model" "pc105"
[    74.675] (**) Option "xkb_layout" "us"
[    74.689] (II) event2  - AT Translated Set 2 keyboard: is tagged by udev as: Keyboard
[    74.689] (II) event2  - AT Translated Set 2 keyboard: device is a keyboard
[    74.691] (II) config/udev: Adding input device ImExPS/2 Generic Explorer Mouse (/dev/input/event3)
[    74.691] (**) ImExPS/2 Generic Explorer Mouse: Applying InputClass "libinput pointer catchall"
[    74.691] (II) Using input driver 'libinput' for 'ImExPS/2 Generic Explorer Mouse'
[    74.694] (II) systemd-logind: got fd for /dev/input/event3 13:67 fd 28 paused 0
[    74.694] (**) ImExPS/2 Generic Explorer Mouse: always reports core events
[    74.694] (**) Option "Device" "/dev/input/event3"
[    74.694] (**) Option "_source" "server/udev"
[    74.696] (II) event3  - ImExPS/2 Generic Explorer Mouse: is tagged by udev as: Mouse
[    74.696] (II) event3  - ImExPS/2 Generic Explorer Mouse: device is a pointer
[    74.696] (II) event3  - ImExPS/2 Generic Explorer Mouse: device removed
[    74.697] (**) Option "config_info" "udev:/sys/devices/platform/i8042/serio1/input/input4/event3"
[    74.697] (II) XINPUT: Adding extended input device "ImExPS/2 Generic Explorer Mouse" (type: MOUSE, id 12)
[    74.698] (**) Option "AccelerationScheme" "none"
[    74.698] (**) ImExPS/2 Generic Explorer Mouse: (accel) selected scheme none/0
[    74.701] (**) ImExPS/2 Generic Explorer Mouse: (accel) acceleration factor: 2.000
[    74.701] (**) ImExPS/2 Generic Explorer Mouse: (accel) acceleration threshold: 4
[    74.703] (II) event3  - ImExPS/2 Generic Explorer Mouse: is tagged by udev as: Mouse
[    74.703] (II) event3  - ImExPS/2 Generic Explorer Mouse: device is a pointer
[    74.705] (II) config/udev: Adding input device ImExPS/2 Generic Explorer Mouse (/dev/input/mouse0)
[    74.706] (II) No input driver specified, ignoring this device.
[    74.706] (II) This device may have been added with another device file.
